<?xml version="1.0" encoding="UTF-8"?>
<!-- Generated by org.testng.reporters.JUnitReportReporter -->
<testsuite hostname="DESKTOP-POSUB6C" failures="0" tests="1" name="Runner.TestRunner" time="6.006" errors="0" timestamp="2023-02-28T09:36:49 IST" skipped="0">
  <testcase classname="Runner.TestRunner" name="runScenario" time="6.006"/>
  <system-out/>
</testsuite> <!-- Runner.TestRunner -->
