<?xml version="1.0" encoding="UTF-8"?>
<!-- Generated by org.testng.reporters.JUnitReportReporter -->
<testsuite hostname="DESKTOP-POSUB6C" failures="0" tests="1" name="Runner.TestRunner" time="4.874" errors="0" timestamp="2023-02-16T11:20:43 IST" skipped="0">
  <testcase classname="Runner.TestRunner" name="runScenario" time="4.874"/>
  <system-out/>
</testsuite> <!-- Runner.TestRunner -->
