<?xml version="1.0" encoding="UTF-8"?>
<!-- Generated by org.testng.reporters.JUnitReportReporter -->
<testsuite hostname="DESKTOP-POSUB6C" failures="0" tests="1" name="Runner.TestRunner" time="3.272" errors="0" timestamp="2023-02-15T11:34:40 IST" skipped="0">
  <testcase classname="Runner.TestRunner" name="runScenario" time="3.272"/>
  <system-out/>
</testsuite> <!-- Runner.TestRunner -->
